<?xml version="1.0" encoding="UTF-8"?>
<!-- Generated by org.testng.reporters.JUnitReportReporter -->
<testsuite hostname="DESKTOP-05KTQHD" failures="0" tests="1" name="TestCases.VerifyUserDashBoard" time="0.032" errors="0" timestamp="2024-10-27T21:05:08 IST" skipped="0">
  <testcase classname="TestCases.VerifyUserDashBoard" name="verifyUserPage" time="0.032">
    <system-out>
      <![CDATA[User Dashboard verified Successfully]]>
    </system-out>
  </testcase> <!-- verifyUserPage -->
  <system-out>
    <![CDATA[User Dashboard verified Successfully]]>
  </system-out>
</testsuite> <!-- TestCases.VerifyUserDashBoard -->
