<?xml version="1.0" encoding="UTF-8"?>
<!-- Generated by org.testng.reporters.JUnitReportReporter -->
<testsuite hostname="DESKTOP-05KTQHD" failures="0" tests="1" name="TestCases.SearchFlightTest" time="6.365" errors="0" timestamp="2024-10-28T12:05:13 IST" skipped="0">
  <testcase classname="TestCases.SearchFlightTest" name="searchFlights" time="6.365">
    <system-out>
      <![CDATA[Flight Table Displayed
Flight Available & Selected]]>
    </system-out>
  </testcase> <!-- searchFlights -->
  <system-out>
    <![CDATA[User Dashboard verified Successfully
Flight Table Displayed
Flight Available & Selected]]>
  </system-out>
</testsuite> <!-- TestCases.SearchFlightTest -->
