<?xml version="1.0" encoding="UTF-8"?>
<!-- Generated by org.testng.reporters.JUnitReportReporter -->
<testsuite hostname="DESKTOP-05KTQHD" failures="0" tests="4" name="TestCases.AppTest" time="28.804" errors="0" timestamp="2024-10-29T11:42:05 IST" skipped="3">
  <testcase classname="TestCases.AppTest" name="editOrderTest" time="28.804">
    <system-out>
      <![CDATA[Edit Page Displayed
no such element: Unable to locate element: {"method":"xpath","selector":"//button[contains(@class,'insert-order')]"}
  (Session info: chrome=130.0.6723.70)
For documentation on this error, please visit: https://www.selenium.dev/documentation/webdriver/troubleshooting/errors#no-such-element-exception
Build info: version: '4.25.0', revision: '8a8aea2337'
System info: os.name: 'Windows 10', os.arch: 'amd64', os.version: '10.0', java.version: '17.0.10'
Driver info: org.openqa.selenium.chrome.ChromeDriver
Command: [0dd3ecb505ca29a27ff2b94f8ac6321d, findElement {using=xpath, value=//button[contains(@class,'insert-order')]}]
Capabilities {acceptInsecureCerts: false, browserName: chrome, browserVersion: 130.0.6723.70, chrome: {chromedriverVersion: 130.0.6723.69 (3ec172b971b9..., userDataDir: C:\Users\Interia\AppData\Lo...}, fedcm:accounts: true, goog:chromeOptions: {debuggerAddress: localhost:49922}, networkConnectionEnabled: false, pageLoadStrategy: normal, platformName: windows, proxy: Proxy(), se:cdp: ws://localhost:49922/devtoo..., se:cdpVersion: 130.0.6723.70, setWindowRect: true, strictFileInteractability: false, timeouts: {implicit: 0, pageLoad: 300000, script: 30000}, unhandledPromptBehavior: dismiss and notify, webauthn:extension:credBlob: true, webauthn:extension:largeBlob: true, webauthn:extension:minPinLength: true, webauthn:extension:prf: true, webauthn:virtualAuthenticators: true}
Session ID: 0dd3ecb505ca29a27ff2b94f8ac6321d]]>
    </system-out>
  </testcase> <!-- editOrderTest -->
  <testcase classname="TestCases.AppTest" name="verifyUserPageTest">
    <skipped/>
  </testcase> <!-- verifyUserPageTest -->
  <testcase classname="TestCases.AppTest" name="viewOrderTest">
    <skipped/>
  </testcase> <!-- viewOrderTest -->
  <testcase classname="TestCases.AppTest" name="searchFlightsTest">
    <skipped/>
  </testcase> <!-- searchFlightsTest -->
  <system-out>
    <![CDATA[Edit Page Displayed
no such element: Unable to locate element: {"method":"xpath","selector":"//button[contains(@class,'insert-order')]"}
  (Session info: chrome=130.0.6723.70)
For documentation on this error, please visit: https://www.selenium.dev/documentation/webdriver/troubleshooting/errors#no-such-element-exception
Build info: version: '4.25.0', revision: '8a8aea2337'
System info: os.name: 'Windows 10', os.arch: 'amd64', os.version: '10.0', java.version: '17.0.10'
Driver info: org.openqa.selenium.chrome.ChromeDriver
Command: [0dd3ecb505ca29a27ff2b94f8ac6321d, findElement {using=xpath, value=//button[contains(@class,'insert-order')]}]
Capabilities {acceptInsecureCerts: false, browserName: chrome, browserVersion: 130.0.6723.70, chrome: {chromedriverVersion: 130.0.6723.69 (3ec172b971b9..., userDataDir: C:\Users\Interia\AppData\Lo...}, fedcm:accounts: true, goog:chromeOptions: {debuggerAddress: localhost:49922}, networkConnectionEnabled: false, pageLoadStrategy: normal, platformName: windows, proxy: Proxy(), se:cdp: ws://localhost:49922/devtoo..., se:cdpVersion: 130.0.6723.70, setWindowRect: true, strictFileInteractability: false, timeouts: {implicit: 0, pageLoad: 300000, script: 30000}, unhandledPromptBehavior: dismiss and notify, webauthn:extension:credBlob: true, webauthn:extension:largeBlob: true, webauthn:extension:minPinLength: true, webauthn:extension:prf: true, webauthn:virtualAuthenticators: true}
Session ID: 0dd3ecb505ca29a27ff2b94f8ac6321d]]>
  </system-out>
</testsuite> <!-- TestCases.AppTest -->
