<?xml version="1.0" encoding="UTF-8"?>
<!-- Generated by org.testng.reporters.JUnitReportReporter -->
<testsuite hostname="DESKTOP-05KTQHD" failures="0" tests="5" name="TestCases.AppTest" time="11.055" errors="0" timestamp="2024-10-29T11:59:58 IST" skipped="4">
  <testcase classname="TestCases.AppTest" name="deleteOrder" time="11.055">
    <system-out>
      <![CDATA[Alert Displayed]]>
    </system-out>
  </testcase> <!-- deleteOrder -->
  <testcase classname="TestCases.AppTest" name="searchFlightsTest">
    <skipped/>
  </testcase> <!-- searchFlightsTest -->
  <testcase classname="TestCases.AppTest" name="editOrderTest">
    <skipped/>
  </testcase> <!-- editOrderTest -->
  <testcase classname="TestCases.AppTest" name="viewOrderTest">
    <skipped/>
  </testcase> <!-- viewOrderTest -->
  <testcase classname="TestCases.AppTest" name="verifyUserPageTest">
    <skipped/>
  </testcase> <!-- verifyUserPageTest -->
  <system-out>
    <![CDATA[Alert Displayed]]>
  </system-out>
</testsuite> <!-- TestCases.AppTest -->
