<?xml version="1.0" encoding="UTF-8"?>
<!-- Generated by org.testng.reporters.JUnitReportReporter -->
<testsuite hostname="DESKTOP-05KTQHD" failures="0" tests="2" name="TestCases.AppTest" time="17.356" errors="0" timestamp="2024-10-28T13:05:43 IST" skipped="0">
  <testcase classname="TestCases.AppTest" name="verifyUserPage" time="5.474">
    <system-out>
      <![CDATA[User Dashboard verified Successfully]]>
    </system-out>
  </testcase> <!-- verifyUserPage -->
  <testcase classname="TestCases.AppTest" name="searchFlights" time="11.882">
    <system-out>
      <![CDATA[Flight Table Displayed
Flight Available & Selected
Dear Customer,
Your order has been created. Your order No. 1458
Please view the ticket details View Ticket
Happy Flying.]]>
    </system-out>
  </testcase> <!-- searchFlights -->
  <system-out>
    <![CDATA[User Dashboard verified Successfully
Flight Table Displayed
Flight Available & Selected
Dear Customer,
Your order has been created. Your order No. 1458
Please view the ticket details View Ticket
Happy Flying.]]>
  </system-out>
</testsuite> <!-- TestCases.AppTest -->
