<?xml version="1.0" encoding="UTF-8"?>
<!-- Generated by org.testng.reporters.JUnitReportReporter -->
<testsuite hostname="DESKTOP-05KTQHD" failures="0" tests="3" name="TestCases.AppTest" time="62.942" errors="0" timestamp="2024-10-28T14:15:00 IST" skipped="0">
  <testcase classname="TestCases.AppTest" name="verifyUserPageTest" time="37.942">
    <system-out>
      <![CDATA[User Dashboard verified Successfully]]>
    </system-out>
  </testcase> <!-- verifyUserPageTest -->
  <testcase classname="TestCases.AppTest" name="searchFlightsTest" time="11.985">
    <system-out>
      <![CDATA[Flight Table Displayed
Flight Available & Selected
Dear Customer,
Your order has been created. Your order No. 1458
Please view the ticket details View Ticket
Happy Flying.]]>
    </system-out>
  </testcase> <!-- searchFlightsTest -->
  <testcase classname="TestCases.AppTest" name="viewOrderTest" time="13.015">
    <system-out>
      <![CDATA[View Page Displayed]]>
    </system-out>
  </testcase> <!-- viewOrderTest -->
  <system-out>
    <![CDATA[User Dashboard verified Successfully
Flight Table Displayed
Flight Available & Selected
Dear Customer,
Your order has been created. Your order No. 1458
Please view the ticket details View Ticket
Happy Flying.
View Page Displayed]]>
  </system-out>
</testsuite> <!-- TestCases.AppTest -->
