<?xml version="1.0" encoding="UTF-8"?>
<!-- Generated by org.testng.reporters.JUnitReportReporter -->
<testsuite hostname="DESKTOP-05KTQHD" failures="0" tests="1" name="TestCases.VerifyUserDashBoard" time="0.033" errors="0" timestamp="2024-10-28T12:44:10 IST" skipped="0">
  <testcase classname="TestCases.VerifyUserDashBoard" name="verifyUserPage" time="0.033">
    <system-out>
      <![CDATA[User Dashboard verified Successfully]]>
    </system-out>
  </testcase> <!-- verifyUserPage -->
  <system-out>
    <![CDATA[User Dashboard verified Successfully
Flight Table Displayed
Flight Available & Selected
Dear Customer,
Your order has been created. Your order No. 1458
Please view the ticket details View Ticket
Happy Flying.]]>
  </system-out>
</testsuite> <!-- TestCases.VerifyUserDashBoard -->
